<?xml version="1.0" encoding="UTF-8"?>
<testng-results skipped="0" failed="0" total="1" passed="1">
  <reporter-output>
  </reporter-output>
  <suite name="Command line suite" duration-ms="64" started-at="2016-07-01T05:36:29Z" finished-at="2016-07-01T05:36:29Z">
    <groups>
    </groups>
    <test name="Command line test" duration-ms="64" started-at="2016-07-01T05:36:29Z" finished-at="2016-07-01T05:36:29Z">
      <class name="com.appium.mavensample.AppTest">
        <test-method status="PASS" signature="testApp()[pri:0, instance:testApp(com.appium.mavensample.AppTest)]" name="testApp" duration-ms="2" started-at="2016-07-01T11:06:29Z" finished-at="2016-07-01T11:06:29Z">
          <reporter-output>
          </reporter-output>
        </test-method> <!-- testApp -->
      </class> <!-- com.appium.mavensample.AppTest -->
    </test> <!-- Command line test -->
  </suite> <!-- Command line suite -->
</testng-results>
