<?xml version="1.0" encoding="UTF-8"?>
<!-- Generated by org.testng.reporters.JUnitXMLReporter -->
<testsuite hostname="PI-LT-1282L" name="Wifi_turning_on" tests="1" failures="1" timestamp="5 Jul 2016 06:10:55 GMT" time="0.008" errors="0">
  <testcase name="wifi_Turning_On" time="0.003" classname="Settings.Wifi_turning_on">
    <failure type="java.lang.NullPointerException">
      <![CDATA[java.lang.NullPointerException
	at Settings.Wifi_turning_on.wifi_Turning_On(Wifi_turning_on.java:18)
... Removed 24 stack frames]]>
    </failure>
  </testcase> <!-- wifi_Turning_On -->
</testsuite> <!-- Wifi_turning_on -->
