<?xml version="1.0" encoding="UTF-8"?>
<!-- Generated by org.testng.reporters.JUnitXMLReporter -->
<testsuite hostname="PI-LT-1282L" name="Wifi_turning_off" tests="1" failures="1" timestamp="5 Jul 2016 06:10:55 GMT" time="0.078" errors="0">
  <testcase name="wifi_Turning_Off" time="0.037" classname="Settings.Wifi_turning_off">
    <failure type="java.lang.NullPointerException">
      <![CDATA[java.lang.NullPointerException
	at Settings.Wifi_turning_off.wifi_Turning_Off(Wifi_turning_off.java:17)
... Removed 24 stack frames]]>
    </failure>
  </testcase> <!-- wifi_Turning_Off -->
</testsuite> <!-- Wifi_turning_off -->
