<?xml version="1.0" encoding="UTF-8"?>
<!-- Generated by org.testng.reporters.JUnitXMLReporter -->
<testsuite hostname="PI-LT-1282L" name="TurnignOn_FlightMode_NotificatioPanel" tests="1" failures="1" timestamp="19 Oct 2016 09:30:15 GMT" time="40.23" errors="0">
  <testcase name="TurningOn_FlightMode_NotificatioPanel" time="38.258" classname="Dialer.TurnignOn_FlightMode_NotificatioPanel">
    <failure type="java.lang.AssertionError" message="expected [Airplane mode on] but found []">
      <![CDATA[java.lang.AssertionError: expected [Airplane mode on] but found []
	at Dialer.TurnignOn_FlightMode_NotificatioPanel.TurningOn_FlightMode_NotificatioPanel(TurnignOn_FlightMode_NotificatioPanel.java:48)
... Removed 29 stack frames]]>
    </failure>
  </testcase> <!-- TurningOn_FlightMode_NotificatioPanel -->
</testsuite> <!-- TurnignOn_FlightMode_NotificatioPanel -->
