<?xml version="1.0" encoding="UTF-8"?>
<!-- Generated by org.testng.reporters.JUnitXMLReporter -->
<testsuite hostname="PI-LT-1282L" name="Wifi_turning_off" tests="1" failures="1" timestamp="2 Jul 2016 17:34:27 GMT" time="0.023" errors="0">
  <testcase name="wifi_Turning_Off" time="0.004" classname="com.appium.mavensample.Wifi_turning_off">
    <failure type="java.lang.NullPointerException">
      <![CDATA[java.lang.NullPointerException
	at com.appium.mavensample.Wifi_turning_off.wifi_Turning_Off(Wifi_turning_off.java:15)
... Removed 24 stack frames]]>
    </failure>
  </testcase> <!-- wifi_Turning_Off -->
</testsuite> <!-- Wifi_turning_off -->
